TN:
SF:src/FigmaToHtmlConverter.ts
FN:13,(anonymous_0)
FN:17,(anonymous_1)
FN:29,(anonymous_2)
FN:60,(anonymous_3)
FN:76,(anonymous_4)
FN:95,(anonymous_5)
FN:97,(anonymous_6)
FN:106,(anonymous_7)
FN:120,(anonymous_8)
FNF:9
FNH:9
FNDA:8,(anonymous_0)
FNDA:7,(anonymous_1)
FNDA:11,(anonymous_2)
FNDA:4,(anonymous_3)
FNDA:11,(anonymous_4)
FNDA:11,(anonymous_5)
FNDA:15,(anonymous_6)
FNDA:3,(anonymous_7)
FNDA:11,(anonymous_8)
DA:7,1
DA:14,8
DA:17,8
DA:18,7
DA:21,8
DA:31,11
DA:34,11
DA:37,11
DA:40,11
DA:43,11
DA:44,1
DA:48,11
DA:51,11
DA:54,11
DA:55,3
DA:59,11
DA:60,3
DA:61,4
DA:66,11
DA:68,11
DA:77,11
DA:80,6
DA:82,3
DA:84,2
DA:86,0
DA:96,11
DA:97,15
DA:107,3
DA:121,11
LF:29
LH:28
BRDA:43,0,0,1
BRDA:54,1,0,3
BRDA:54,2,0,11
BRDA:54,2,1,3
BRDA:59,3,0,3
BRDA:59,4,0,11
BRDA:59,4,1,3
BRDA:77,5,0,5
BRDA:77,5,1,6
BRDA:77,5,2,3
BRDA:77,5,3,2
BRDA:77,5,4,0
BRF:12
BRH:11
end_of_record
TN:
SF:src/index.ts
FN:21,(anonymous_0)
FN:15,convertFigmaJsonToHtml
FNF:2
FNH:0
FNDA:0,(anonymous_0)
FNDA:0,convertFigmaJsonToHtml
DA:8,0
DA:15,0
DA:16,0
DA:17,0
DA:21,0
LF:5
LH:0
BRF:0
BRH:0
end_of_record
